Info: Starting: Create block symbol file (.bsf)
Info: qsys-generate /homes/user/stud/spring26/hm3121/CSEE4840-Final-Project/hw/quartus/wave-table-synth/soc_system.qsys --block-symbol-file --output-directory=/homes/user/stud/spring26/hm3121/CSEE4840-Final-Project/hw/quartus/wave-table-synth/soc_system --family="Cyclone V" --part=5CSEMA5F31C6
Progress: Loading wave-table-synth/soc_system.qsys
Progress: Reading input file
Progress: Adding audio_0 [altera_up_avalon_audio 18.0]
Progress: Parameterizing module audio_0
Progress: Adding audio_and_video_config_0 [altera_up_avalon_audio_and_video_config 18.0]
Progress: Parameterizing module audio_and_video_config_0
Progress: Adding audio_pll_0 [altera_up_avalon_audio_pll 18.0]
Progress: Parameterizing module audio_pll_0
Progress: Adding clk_0 [clock_source 21.1]
Progress: Parameterizing module clk_0
Progress: Adding hps_0 [altera_hps 21.1]
Progress: Parameterizing module hps_0
Progress: Building connections
Progress: Parameterizing connections
Progress: Validating
Progress: Done reading input file
Info: soc_system.hps_0: HPS Main PLL counter settings: n = 0  m = 73
Info: soc_system.hps_0: HPS peripherial PLL counter settings: n = 0  m = 39
Warning: soc_system.audio_0.avalon_left_channel_source: audio_0.avalon_left_channel_source must be connected to an Avalon-ST sink
Warning: soc_system.audio_0.avalon_right_channel_source: audio_0.avalon_right_channel_source must be connected to an Avalon-ST sink
Info: qsys-generate succeeded.
Info: Finished: Create block symbol file (.bsf)
Info: 
Info: Starting: Create HDL design files for synthesis
Info: qsys-generate /homes/user/stud/spring26/hm3121/CSEE4840-Final-Project/hw/quartus/wave-table-synth/soc_system.qsys --synthesis=VERILOG --output-directory=/homes/user/stud/spring26/hm3121/CSEE4840-Final-Project/hw/quartus/wave-table-synth/soc_system/synthesis --family="Cyclone V" --part=5CSEMA5F31C6
Progress: Loading wave-table-synth/soc_system.qsys
Progress: Reading input file
Progress: Adding audio_0 [altera_up_avalon_audio 18.0]
Progress: Parameterizing module audio_0
Progress: Adding audio_and_video_config_0 [altera_up_avalon_audio_and_video_config 18.0]
Progress: Parameterizing module audio_and_video_config_0
Progress: Adding audio_pll_0 [altera_up_avalon_audio_pll 18.0]
Progress: Parameterizing module audio_pll_0
Progress: Adding clk_0 [clock_source 21.1]
Progress: Parameterizing module clk_0
Progress: Adding hps_0 [altera_hps 21.1]
Progress: Parameterizing module hps_0
Progress: Building connections
Progress: Parameterizing connections
Progress: Validating
Progress: Done reading input file
Info: soc_system.hps_0: HPS Main PLL counter settings: n = 0  m = 73
Info: soc_system.hps_0: HPS peripherial PLL counter settings: n = 0  m = 39
Warning: soc_system.audio_0.avalon_left_channel_source: audio_0.avalon_left_channel_source must be connected to an Avalon-ST sink
Warning: soc_system.audio_0.avalon_right_channel_source: audio_0.avalon_right_channel_source must be connected to an Avalon-ST sink
Info: soc_system: Generating soc_system "soc_system" for QUARTUS_SYNTH
Info: Interconnect is inserted between master hps_0.h2f_lw_axi_master and slave audio_and_video_config_0.avalon_av_config_slave because the master is of type axi and the slave is of type avalon.
Info: Interconnect is inserted between master hps_0.h2f_lw_axi_master and slave audio_and_video_config_0.avalon_av_config_slave because they have different clock source.
Info: Inserting clock-crossing logic between cmd_demux.src0 and cmd_mux.sink0
Info: Inserting clock-crossing logic between cmd_demux_001.src0 and cmd_mux.sink1
Info: Inserting clock-crossing logic between rsp_demux.src0 and rsp_mux.sink0
Info: Inserting clock-crossing logic between rsp_demux.src1 and rsp_mux_001.sink0
Warning: soc_system: "No matching role found for audio_0:external_interface:AUD_DACLRCK (DACLRCK)"
Warning: soc_system: "No matching role found for audio_0:external_interface:AUD_DACDAT (DACDAT)"
Warning: soc_system: "No matching role found for audio_0:external_interface:AUD_BCLK (BCLK)"
Warning: soc_system: "No matching role found for audio_and_video_config_0:external_interface:I2C_SDAT (SDAT)"
Warning: soc_system: "No matching role found for audio_and_video_config_0:external_interface:I2C_SCLK (SCLK)"
Info: audio_0: Starting Generation of Audio Controller
Info: audio_0: "soc_system" instantiated altera_up_avalon_audio "audio_0"
Info: audio_and_video_config_0: Starting Generation of Audio and Video Config
Info: audio_and_video_config_0: "soc_system" instantiated altera_up_avalon_audio_and_video_config "audio_and_video_config_0"
Info: audio_pll_0: "soc_system" instantiated altera_up_avalon_audio_pll "audio_pll_0"
Info: hps_0: "Running  for module: hps_0"
Info: hps_0: HPS Main PLL counter settings: n = 0  m = 73
Info: hps_0: HPS peripherial PLL counter settings: n = 0  m = 39
Info: hps_0: "soc_system" instantiated altera_hps "hps_0"
Info: avalon_st_adapter: Inserting error_adapter: error_adapter_0
Info: mm_interconnect_0: "soc_system" instantiated altera_mm_interconnect "mm_interconnect_0"
Info: rst_controller: "soc_system" instantiated altera_reset_controller "rst_controller"
Info: audio_pll: "audio_pll_0" instantiated altera_pll "audio_pll"
Info: reset_from_locked: "audio_pll_0" instantiated altera_up_avalon_reset_from_locked_signal "reset_from_locked"
Info: fpga_interfaces: "hps_0" instantiated altera_interface_generator "fpga_interfaces"
Info: hps_io: "hps_0" instantiated altera_hps_io "hps_io"
Info: audio_and_video_config_0_avalon_av_config_slave_translator: "mm_interconnect_0" instantiated altera_merlin_slave_translator "audio_and_video_config_0_avalon_av_config_slave_translator"
Info: hps_0_h2f_lw_axi_master_agent: "mm_interconnect_0" instantiated altera_merlin_axi_master_ni "hps_0_h2f_lw_axi_master_agent"
Info: audio_and_video_config_0_avalon_av_config_slave_agent: "mm_interconnect_0" instantiated altera_merlin_slave_agent "audio_and_video_config_0_avalon_av_config_slave_agent"
Info: audio_and_video_config_0_avalon_av_config_slave_agent_rsp_fifo: "mm_interconnect_0" instantiated altera_avalon_sc_fifo "audio_and_video_config_0_avalon_av_config_slave_agent_rsp_fifo"
Info: router: "mm_interconnect_0" instantiated altera_merlin_router "router"
Info: router_002: "mm_interconnect_0" instantiated altera_merlin_router "router_002"
Info: audio_and_video_config_0_avalon_av_config_slave_burst_adapter: "mm_interconnect_0" instantiated altera_merlin_burst_adapter "audio_and_video_config_0_avalon_av_config_slave_burst_adapter"
Info: Reusing file /homes/user/stud/spring26/hm3121/CSEE4840-Final-Project/hw/quartus/wave-table-synth/soc_system/synthesis/submodules/altera_merlin_address_alignment.sv
Info: cmd_demux: "mm_interconnect_0" instantiated altera_merlin_demultiplexer "cmd_demux"
Info: cmd_mux: "mm_interconnect_0" instantiated altera_merlin_multiplexer "cmd_mux"
Info: rsp_demux: "mm_interconnect_0" instantiated altera_merlin_demultiplexer "rsp_demux"
Info: rsp_mux: "mm_interconnect_0" instantiated altera_merlin_multiplexer "rsp_mux"
Info: Reusing file /homes/user/stud/spring26/hm3121/CSEE4840-Final-Project/hw/quartus/wave-table-synth/soc_system/synthesis/submodules/altera_merlin_arbitrator.sv
Info: crosser: "mm_interconnect_0" instantiated altera_avalon_st_handshake_clock_crosser "crosser"
Info: Reusing file /homes/user/stud/spring26/hm3121/CSEE4840-Final-Project/hw/quartus/wave-table-synth/soc_system/synthesis/submodules/altera_avalon_st_pipeline_base.v
Info: avalon_st_adapter: "mm_interconnect_0" instantiated altera_avalon_st_adapter "avalon_st_adapter"
Info: border: "hps_io" instantiated altera_interface_generator "border"
Info: error_adapter_0: "avalon_st_adapter" instantiated error_adapter "error_adapter_0"
Info: soc_system: Done "soc_system" with 26 modules, 106 files
Info: qsys-generate succeeded.
Info: Finished: Create HDL design files for synthesis
